   1              		.cpu cortex-m0
   2              		.fpu softvfp
   3              		.eabi_attribute 20, 1
   4              		.eabi_attribute 21, 1
   5              		.eabi_attribute 23, 3
   6              		.eabi_attribute 24, 1
   7              		.eabi_attribute 25, 1
   8              		.eabi_attribute 26, 1
   9              		.eabi_attribute 30, 6
  10              		.eabi_attribute 34, 0
  11              		.eabi_attribute 18, 4
  12              		.code	16
  13              		.file	"I2C.c"
  14              		.text
  15              	.Ltext0:
  16              		.cfi_sections	.debug_frame
  17              		.section	.text.I2C_WriteRegister,"ax",%progbits
  18              		.align	2
  19              		.global	I2C_WriteRegister
  20              		.code	16
  21              		.thumb_func
  23              	I2C_WriteRegister:
  24              	.LFB0:
  25              		.file 1 "../Sources/I2C.c"
   1:../Sources/I2C.c **** #include "derivative.h" 
   2:../Sources/I2C.c **** #include "I2C.h"
   3:../Sources/I2C.c **** 
   4:../Sources/I2C.c **** void I2C_WriteRegister(unsigned char u8SlaveAddress, unsigned char u8RegisterAddress, /*unsigned*/ 
   5:../Sources/I2C.c **** {
  26              		.loc 1 5 0
  27              		.cfi_startproc
  28 0000 80B5     		push	{r7, lr}
  29              	.LCFI0:
  30              		.cfi_def_cfa_offset 8
  31              		.cfi_offset 7, -8
  32              		.cfi_offset 14, -4
  33 0002 82B0     		sub	sp, sp, #8
  34              	.LCFI1:
  35              		.cfi_def_cfa_offset 16
  36 0004 00AF     		add	r7, sp, #0
  37              	.LCFI2:
  38              		.cfi_def_cfa_register 7
  39 0006 FB1D     		add	r3, r7, #7
  40 0008 1870     		strb	r0, [r3]
  41 000a BB1D     		add	r3, r7, #6
  42 000c 1970     		strb	r1, [r3]
  43 000e 7B1D     		add	r3, r7, #5
  44 0010 1A70     		strb	r2, [r3]
   6:../Sources/I2C.c **** 	I2C_Start();	          
  45              		.loc 1 6 0
  46 0012 304B     		ldr	r3, .L5
  47 0014 2F4A     		ldr	r2, .L5
  48 0016 9278     		ldrb	r2, [r2, #2]
  49 0018 D2B2     		uxtb	r2, r2
  50 001a 1021     		mov	r1, #16
  51 001c 0A43     		orr	r2, r1
  52 001e D2B2     		uxtb	r2, r2
  53 0020 9A70     		strb	r2, [r3, #2]
  54 0022 2C4B     		ldr	r3, .L5
  55 0024 2B4A     		ldr	r2, .L5
  56 0026 9278     		ldrb	r2, [r2, #2]
  57 0028 D2B2     		uxtb	r2, r2
  58 002a 2021     		mov	r1, #32
  59 002c 0A43     		orr	r2, r1
  60 002e D2B2     		uxtb	r2, r2
  61 0030 9A70     		strb	r2, [r3, #2]
   7:../Sources/I2C.c **** 	I2C0_D = u8SlaveAddress << 1;									/* Send I2C device address with W/R bit = 0 */
  62              		.loc 1 7 0
  63 0032 284B     		ldr	r3, .L5
  64 0034 FA1D     		add	r2, r7, #7
  65 0036 1278     		ldrb	r2, [r2]
  66 0038 5200     		lsl	r2, r2, #1
  67 003a D2B2     		uxtb	r2, r2
  68 003c 1A71     		strb	r2, [r3, #4]
  69              	.L2:
   8:../Sources/I2C.c **** 	I2C_Wait();
  70              		.loc 1 8 0
  71 003e 254B     		ldr	r3, .L5
  72 0040 DB78     		ldrb	r3, [r3, #3]
  73 0042 DBB2     		uxtb	r3, r3
  74 0044 1A1C     		mov	r2, r3
  75 0046 0223     		mov	r3, #2
  76 0048 1340     		and	r3, r2
  77 004a F8D0     		beq	.L2
  78              		.loc 1 8 0 is_stmt 0
  79 004c 214B     		ldr	r3, .L5
  80 004e 214A     		ldr	r2, .L5
  81 0050 D278     		ldrb	r2, [r2, #3]
  82 0052 D2B2     		uxtb	r2, r2
  83 0054 0221     		mov	r1, #2
  84 0056 0A43     		orr	r2, r1
  85 0058 D2B2     		uxtb	r2, r2
  86 005a DA70     		strb	r2, [r3, #3]
   9:../Sources/I2C.c **** 
  10:../Sources/I2C.c **** 	I2C0_D = u8RegisterAddress;										/* Send register address */
  87              		.loc 1 10 0 is_stmt 1
  88 005c 1D4B     		ldr	r3, .L5
  89 005e BA1D     		add	r2, r7, #6
  90 0060 1278     		ldrb	r2, [r2]
  91 0062 1A71     		strb	r2, [r3, #4]
  92              	.L3:
  11:../Sources/I2C.c **** 	I2C_Wait();
  93              		.loc 1 11 0
  94 0064 1B4B     		ldr	r3, .L5
  95 0066 DB78     		ldrb	r3, [r3, #3]
  96 0068 DBB2     		uxtb	r3, r3
  97 006a 1A1C     		mov	r2, r3
  98 006c 0223     		mov	r3, #2
  99 006e 1340     		and	r3, r2
 100 0070 F8D0     		beq	.L3
 101              		.loc 1 11 0 is_stmt 0
 102 0072 184B     		ldr	r3, .L5
 103 0074 174A     		ldr	r2, .L5
 104 0076 D278     		ldrb	r2, [r2, #3]
 105 0078 D2B2     		uxtb	r2, r2
 106 007a 0221     		mov	r1, #2
 107 007c 0A43     		orr	r2, r1
 108 007e D2B2     		uxtb	r2, r2
 109 0080 DA70     		strb	r2, [r3, #3]
  12:../Sources/I2C.c **** 
  13:../Sources/I2C.c **** 	I2C0_D = u8Data;												/* Send the data */
 110              		.loc 1 13 0 is_stmt 1
 111 0082 144B     		ldr	r3, .L5
 112 0084 7A1D     		add	r2, r7, #5
 113 0086 1278     		ldrb	r2, [r2]
 114 0088 1A71     		strb	r2, [r3, #4]
 115              	.L4:
  14:../Sources/I2C.c **** 	I2C_Wait();
 116              		.loc 1 14 0
 117 008a 124B     		ldr	r3, .L5
 118 008c DB78     		ldrb	r3, [r3, #3]
 119 008e DBB2     		uxtb	r3, r3
 120 0090 1A1C     		mov	r2, r3
 121 0092 0223     		mov	r3, #2
 122 0094 1340     		and	r3, r2
 123 0096 F8D0     		beq	.L4
 124              		.loc 1 14 0 is_stmt 0
 125 0098 0E4B     		ldr	r3, .L5
 126 009a 0E4A     		ldr	r2, .L5
 127 009c D278     		ldrb	r2, [r2, #3]
 128 009e D2B2     		uxtb	r2, r2
 129 00a0 0221     		mov	r1, #2
 130 00a2 0A43     		orr	r2, r1
 131 00a4 D2B2     		uxtb	r2, r2
 132 00a6 DA70     		strb	r2, [r3, #3]
  15:../Sources/I2C.c **** 
  16:../Sources/I2C.c **** 	I2C_Stop();
 133              		.loc 1 16 0 is_stmt 1
 134 00a8 0A4B     		ldr	r3, .L5
 135 00aa 0A4A     		ldr	r2, .L5
 136 00ac 9278     		ldrb	r2, [r2, #2]
 137 00ae D2B2     		uxtb	r2, r2
 138 00b0 2021     		mov	r1, #32
 139 00b2 8A43     		bic	r2, r1
 140 00b4 D2B2     		uxtb	r2, r2
 141 00b6 9A70     		strb	r2, [r3, #2]
 142 00b8 064B     		ldr	r3, .L5
 143 00ba 064A     		ldr	r2, .L5
 144 00bc 9278     		ldrb	r2, [r2, #2]
 145 00be D2B2     		uxtb	r2, r2
 146 00c0 1021     		mov	r1, #16
 147 00c2 8A43     		bic	r2, r1
 148 00c4 D2B2     		uxtb	r2, r2
 149 00c6 9A70     		strb	r2, [r3, #2]
  17:../Sources/I2C.c **** 
  18:../Sources/I2C.c ****     Pause(50);
 150              		.loc 1 18 0
 151 00c8 3220     		mov	r0, #50
 152 00ca FFF7FEFF 		bl	Pause
  19:../Sources/I2C.c **** }
 153              		.loc 1 19 0
 154 00ce BD46     		mov	sp, r7
 155 00d0 02B0     		add	sp, sp, #8
 156              		@ sp needed for prologue
 157 00d2 80BD     		pop	{r7, pc}
 158              	.L6:
 159              		.align	2
 160              	.L5:
 161 00d4 00600640 		.word	1074159616
 162              		.cfi_endproc
 163              	.LFE0:
 165              		.section	.text.I2C_ReadRegister,"ax",%progbits
 166              		.align	2
 167              		.global	I2C_ReadRegister
 168              		.code	16
 169              		.thumb_func
 171              	I2C_ReadRegister:
 172              	.LFB1:
  20:../Sources/I2C.c **** 
  21:../Sources/I2C.c **** unsigned char I2C_ReadRegister(unsigned char u8SlaveAddress, unsigned char u8RegisterAddress)
  22:../Sources/I2C.c **** {
 173              		.loc 1 22 0
 174              		.cfi_startproc
 175 0000 80B5     		push	{r7, lr}
 176              	.LCFI3:
 177              		.cfi_def_cfa_offset 8
 178              		.cfi_offset 7, -8
 179              		.cfi_offset 14, -4
 180 0002 84B0     		sub	sp, sp, #16
 181              	.LCFI4:
 182              		.cfi_def_cfa_offset 24
 183 0004 00AF     		add	r7, sp, #0
 184              	.LCFI5:
 185              		.cfi_def_cfa_register 7
 186 0006 0A1C     		mov	r2, r1
 187 0008 FB1D     		add	r3, r7, #7
 188 000a 011C     		add	r1, r0, #0
 189 000c 1970     		strb	r1, [r3]
 190 000e BB1D     		add	r3, r7, #6
 191 0010 1A70     		strb	r2, [r3]
  23:../Sources/I2C.c **** 	unsigned char result;
  24:../Sources/I2C.c **** 	  
  25:../Sources/I2C.c **** 	I2C_Start();	          
 192              		.loc 1 25 0
 193 0012 4E4B     		ldr	r3, .L13
 194 0014 4D4A     		ldr	r2, .L13
 195 0016 9278     		ldrb	r2, [r2, #2]
 196 0018 D2B2     		uxtb	r2, r2
 197 001a 1021     		mov	r1, #16
 198 001c 0A43     		orr	r2, r1
 199 001e D2B2     		uxtb	r2, r2
 200 0020 9A70     		strb	r2, [r3, #2]
 201 0022 4A4B     		ldr	r3, .L13
 202 0024 494A     		ldr	r2, .L13
 203 0026 9278     		ldrb	r2, [r2, #2]
 204 0028 D2B2     		uxtb	r2, r2
 205 002a 2021     		mov	r1, #32
 206 002c 0A43     		orr	r2, r1
 207 002e D2B2     		uxtb	r2, r2
 208 0030 9A70     		strb	r2, [r3, #2]
  26:../Sources/I2C.c **** 	I2C0_D = u8SlaveAddress << 1;									/* Send I2C device address with W/R bit = 0 */
 209              		.loc 1 26 0
 210 0032 464B     		ldr	r3, .L13
 211 0034 FA1D     		add	r2, r7, #7
 212 0036 1278     		ldrb	r2, [r2]
 213 0038 5200     		lsl	r2, r2, #1
 214 003a D2B2     		uxtb	r2, r2
 215 003c 1A71     		strb	r2, [r3, #4]
 216              	.L8:
  27:../Sources/I2C.c **** 	I2C_Wait();										
 217              		.loc 1 27 0
 218 003e 434B     		ldr	r3, .L13
 219 0040 DB78     		ldrb	r3, [r3, #3]
 220 0042 DBB2     		uxtb	r3, r3
 221 0044 1A1C     		mov	r2, r3
 222 0046 0223     		mov	r3, #2
 223 0048 1340     		and	r3, r2
 224 004a F8D0     		beq	.L8
 225              		.loc 1 27 0 is_stmt 0
 226 004c 3F4B     		ldr	r3, .L13
 227 004e 3F4A     		ldr	r2, .L13
 228 0050 D278     		ldrb	r2, [r2, #3]
 229 0052 D2B2     		uxtb	r2, r2
 230 0054 0221     		mov	r1, #2
 231 0056 0A43     		orr	r2, r1
 232 0058 D2B2     		uxtb	r2, r2
 233 005a DA70     		strb	r2, [r3, #3]
  28:../Sources/I2C.c **** 
  29:../Sources/I2C.c **** 	I2C0_D = u8RegisterAddress;										/* Send register address */
 234              		.loc 1 29 0 is_stmt 1
 235 005c 3B4B     		ldr	r3, .L13
 236 005e BA1D     		add	r2, r7, #6
 237 0060 1278     		ldrb	r2, [r2]
 238 0062 1A71     		strb	r2, [r3, #4]
 239              	.L9:
  30:../Sources/I2C.c **** 	I2C_Wait();
 240              		.loc 1 30 0
 241 0064 394B     		ldr	r3, .L13
 242 0066 DB78     		ldrb	r3, [r3, #3]
 243 0068 DBB2     		uxtb	r3, r3
 244 006a 1A1C     		mov	r2, r3
 245 006c 0223     		mov	r3, #2
 246 006e 1340     		and	r3, r2
 247 0070 F8D0     		beq	.L9
 248              		.loc 1 30 0 is_stmt 0
 249 0072 364B     		ldr	r3, .L13
 250 0074 354A     		ldr	r2, .L13
 251 0076 D278     		ldrb	r2, [r2, #3]
 252 0078 D2B2     		uxtb	r2, r2
 253 007a 0221     		mov	r1, #2
 254 007c 0A43     		orr	r2, r1
 255 007e D2B2     		uxtb	r2, r2
 256 0080 DA70     		strb	r2, [r3, #3]
  31:../Sources/I2C.c **** 
  32:../Sources/I2C.c **** 	I2C_RepeatedStart();
 257              		.loc 1 32 0 is_stmt 1
 258 0082 324B     		ldr	r3, .L13
 259 0084 314A     		ldr	r2, .L13
 260 0086 9278     		ldrb	r2, [r2, #2]
 261 0088 D2B2     		uxtb	r2, r2
 262 008a 0421     		mov	r1, #4
 263 008c 0A43     		orr	r2, r1
 264 008e D2B2     		uxtb	r2, r2
 265 0090 9A70     		strb	r2, [r3, #2]
  33:../Sources/I2C.c **** 	
  34:../Sources/I2C.c **** 	I2C0_D = (u8SlaveAddress << 1) | 0x01;							/* Send I2C device address this time with W/R bit = 1
 266              		.loc 1 34 0
 267 0092 2E4B     		ldr	r3, .L13
 268 0094 FA1D     		add	r2, r7, #7
 269 0096 1278     		ldrb	r2, [r2]
 270 0098 5200     		lsl	r2, r2, #1
 271 009a D2B2     		uxtb	r2, r2
 272 009c 0121     		mov	r1, #1
 273 009e 0A43     		orr	r2, r1
 274 00a0 D2B2     		uxtb	r2, r2
 275 00a2 D2B2     		uxtb	r2, r2
 276 00a4 1A71     		strb	r2, [r3, #4]
 277              	.L10:
  35:../Sources/I2C.c **** 	I2C_Wait();	
 278              		.loc 1 35 0
 279 00a6 294B     		ldr	r3, .L13
 280 00a8 DB78     		ldrb	r3, [r3, #3]
 281 00aa DBB2     		uxtb	r3, r3
 282 00ac 1A1C     		mov	r2, r3
 283 00ae 0223     		mov	r3, #2
 284 00b0 1340     		and	r3, r2
 285 00b2 F8D0     		beq	.L10
 286              		.loc 1 35 0 is_stmt 0
 287 00b4 254B     		ldr	r3, .L13
 288 00b6 254A     		ldr	r2, .L13
 289 00b8 D278     		ldrb	r2, [r2, #3]
 290 00ba D2B2     		uxtb	r2, r2
 291 00bc 0221     		mov	r1, #2
 292 00be 0A43     		orr	r2, r1
 293 00c0 D2B2     		uxtb	r2, r2
 294 00c2 DA70     		strb	r2, [r3, #3]
  36:../Sources/I2C.c **** 
  37:../Sources/I2C.c **** 	I2C_EnterRxMode();
 295              		.loc 1 37 0 is_stmt 1
 296 00c4 214B     		ldr	r3, .L13
 297 00c6 214A     		ldr	r2, .L13
 298 00c8 9278     		ldrb	r2, [r2, #2]
 299 00ca D2B2     		uxtb	r2, r2
 300 00cc 1021     		mov	r1, #16
 301 00ce 8A43     		bic	r2, r1
 302 00d0 D2B2     		uxtb	r2, r2
 303 00d2 9A70     		strb	r2, [r3, #2]
  38:../Sources/I2C.c **** 	I2C_DisableAck();
 304              		.loc 1 38 0
 305 00d4 1D4B     		ldr	r3, .L13
 306 00d6 1D4A     		ldr	r2, .L13
 307 00d8 9278     		ldrb	r2, [r2, #2]
 308 00da D2B2     		uxtb	r2, r2
 309 00dc 0821     		mov	r1, #8
 310 00de 0A43     		orr	r2, r1
 311 00e0 D2B2     		uxtb	r2, r2
 312 00e2 9A70     		strb	r2, [r3, #2]
  39:../Sources/I2C.c **** 
  40:../Sources/I2C.c **** 	result = I2C0_D;												
 313              		.loc 1 40 0
 314 00e4 194A     		ldr	r2, .L13
 315 00e6 3B1C     		mov	r3, r7
 316 00e8 0F33     		add	r3, r3, #15
 317 00ea 1279     		ldrb	r2, [r2, #4]
 318 00ec 1A70     		strb	r2, [r3]
 319              	.L11:
  41:../Sources/I2C.c **** 	I2C_Wait();
 320              		.loc 1 41 0
 321 00ee 174B     		ldr	r3, .L13
 322 00f0 DB78     		ldrb	r3, [r3, #3]
 323 00f2 DBB2     		uxtb	r3, r3
 324 00f4 1A1C     		mov	r2, r3
 325 00f6 0223     		mov	r3, #2
 326 00f8 1340     		and	r3, r2
 327 00fa F8D0     		beq	.L11
 328              		.loc 1 41 0 is_stmt 0
 329 00fc 134B     		ldr	r3, .L13
 330 00fe 134A     		ldr	r2, .L13
 331 0100 D278     		ldrb	r2, [r2, #3]
 332 0102 D2B2     		uxtb	r2, r2
 333 0104 0221     		mov	r1, #2
 334 0106 0A43     		orr	r2, r1
 335 0108 D2B2     		uxtb	r2, r2
 336 010a DA70     		strb	r2, [r3, #3]
  42:../Sources/I2C.c **** 	I2C_Stop();  
 337              		.loc 1 42 0 is_stmt 1
 338 010c 0F4B     		ldr	r3, .L13
 339 010e 0F4A     		ldr	r2, .L13
 340 0110 9278     		ldrb	r2, [r2, #2]
 341 0112 D2B2     		uxtb	r2, r2
 342 0114 2021     		mov	r1, #32
 343 0116 8A43     		bic	r2, r1
 344 0118 D2B2     		uxtb	r2, r2
 345 011a 9A70     		strb	r2, [r3, #2]
 346 011c 0B4B     		ldr	r3, .L13
 347 011e 0B4A     		ldr	r2, .L13
 348 0120 9278     		ldrb	r2, [r2, #2]
 349 0122 D2B2     		uxtb	r2, r2
 350 0124 1021     		mov	r1, #16
 351 0126 8A43     		bic	r2, r1
 352 0128 D2B2     		uxtb	r2, r2
 353 012a 9A70     		strb	r2, [r3, #2]
  43:../Sources/I2C.c **** 	result = I2C0_D;
 354              		.loc 1 43 0
 355 012c 074A     		ldr	r2, .L13
 356 012e 3B1C     		mov	r3, r7
 357 0130 0F33     		add	r3, r3, #15
 358 0132 1279     		ldrb	r2, [r2, #4]
 359 0134 1A70     		strb	r2, [r3]
  44:../Sources/I2C.c **** 	Pause(50);
 360              		.loc 1 44 0
 361 0136 3220     		mov	r0, #50
 362 0138 FFF7FEFF 		bl	Pause
  45:../Sources/I2C.c **** 	return result;
 363              		.loc 1 45 0
 364 013c 3B1C     		mov	r3, r7
 365 013e 0F33     		add	r3, r3, #15
 366 0140 1B78     		ldrb	r3, [r3]
  46:../Sources/I2C.c **** }
 367              		.loc 1 46 0
 368 0142 181C     		mov	r0, r3
 369 0144 BD46     		mov	sp, r7
 370 0146 04B0     		add	sp, sp, #16
 371              		@ sp needed for prologue
 372 0148 80BD     		pop	{r7, pc}
 373              	.L14:
 374 014a C046     		.align	2
 375              	.L13:
 376 014c 00600640 		.word	1074159616
 377              		.cfi_endproc
 378              	.LFE1:
 380              		.section	.text.I2C_ReadMultiRegisters,"ax",%progbits
 381              		.align	2
 382              		.global	I2C_ReadMultiRegisters
 383              		.code	16
 384              		.thumb_func
 386              	I2C_ReadMultiRegisters:
 387              	.LFB2:
  47:../Sources/I2C.c **** 
  48:../Sources/I2C.c **** void I2C_ReadMultiRegisters(unsigned char u8SlaveAddress, unsigned char u8RegisterAddress, unsigned
  49:../Sources/I2C.c **** {
 388              		.loc 1 49 0
 389              		.cfi_startproc
 390 0000 80B5     		push	{r7, lr}
 391              	.LCFI6:
 392              		.cfi_def_cfa_offset 8
 393              		.cfi_offset 7, -8
 394              		.cfi_offset 14, -4
 395 0002 84B0     		sub	sp, sp, #16
 396              	.LCFI7:
 397              		.cfi_def_cfa_offset 24
 398 0004 00AF     		add	r7, sp, #0
 399              	.LCFI8:
 400              		.cfi_def_cfa_register 7
 401 0006 3B60     		str	r3, [r7]
 402 0008 FB1D     		add	r3, r7, #7
 403 000a 1870     		strb	r0, [r3]
 404 000c BB1D     		add	r3, r7, #6
 405 000e 1970     		strb	r1, [r3]
 406 0010 7B1D     		add	r3, r7, #5
 407 0012 1A70     		strb	r2, [r3]
  50:../Sources/I2C.c **** 	char i;
  51:../Sources/I2C.c **** 	
  52:../Sources/I2C.c **** 	I2C_Start();	          
 408              		.loc 1 52 0
 409 0014 704B     		ldr	r3, .L24
 410 0016 704A     		ldr	r2, .L24
 411 0018 9278     		ldrb	r2, [r2, #2]
 412 001a D2B2     		uxtb	r2, r2
 413 001c 1021     		mov	r1, #16
 414 001e 0A43     		orr	r2, r1
 415 0020 D2B2     		uxtb	r2, r2
 416 0022 9A70     		strb	r2, [r3, #2]
 417 0024 6C4B     		ldr	r3, .L24
 418 0026 6C4A     		ldr	r2, .L24
 419 0028 9278     		ldrb	r2, [r2, #2]
 420 002a D2B2     		uxtb	r2, r2
 421 002c 2021     		mov	r1, #32
 422 002e 0A43     		orr	r2, r1
 423 0030 D2B2     		uxtb	r2, r2
 424 0032 9A70     		strb	r2, [r3, #2]
  53:../Sources/I2C.c **** 	I2C0_D = u8SlaveAddress << 1;									/* Send I2C device address with W/R bit = 0 */
 425              		.loc 1 53 0
 426 0034 684B     		ldr	r3, .L24
 427 0036 FA1D     		add	r2, r7, #7
 428 0038 1278     		ldrb	r2, [r2]
 429 003a 5200     		lsl	r2, r2, #1
 430 003c D2B2     		uxtb	r2, r2
 431 003e 1A71     		strb	r2, [r3, #4]
 432              	.L16:
  54:../Sources/I2C.c **** 	I2C_Wait();										
 433              		.loc 1 54 0
 434 0040 654B     		ldr	r3, .L24
 435 0042 DB78     		ldrb	r3, [r3, #3]
 436 0044 DBB2     		uxtb	r3, r3
 437 0046 1A1C     		mov	r2, r3
 438 0048 0223     		mov	r3, #2
 439 004a 1340     		and	r3, r2
 440 004c F8D0     		beq	.L16
 441              		.loc 1 54 0 is_stmt 0
 442 004e 624B     		ldr	r3, .L24
 443 0050 614A     		ldr	r2, .L24
 444 0052 D278     		ldrb	r2, [r2, #3]
 445 0054 D2B2     		uxtb	r2, r2
 446 0056 0221     		mov	r1, #2
 447 0058 0A43     		orr	r2, r1
 448 005a D2B2     		uxtb	r2, r2
 449 005c DA70     		strb	r2, [r3, #3]
  55:../Sources/I2C.c **** 
  56:../Sources/I2C.c **** 	I2C0_D = u8RegisterAddress;										/* Send register address */
 450              		.loc 1 56 0 is_stmt 1
 451 005e 5E4B     		ldr	r3, .L24
 452 0060 BA1D     		add	r2, r7, #6
 453 0062 1278     		ldrb	r2, [r2]
 454 0064 1A71     		strb	r2, [r3, #4]
 455              	.L17:
  57:../Sources/I2C.c **** 	I2C_Wait();
 456              		.loc 1 57 0
 457 0066 5C4B     		ldr	r3, .L24
 458 0068 DB78     		ldrb	r3, [r3, #3]
 459 006a DBB2     		uxtb	r3, r3
 460 006c 1A1C     		mov	r2, r3
 461 006e 0223     		mov	r3, #2
 462 0070 1340     		and	r3, r2
 463 0072 F8D0     		beq	.L17
 464              		.loc 1 57 0 is_stmt 0
 465 0074 584B     		ldr	r3, .L24
 466 0076 584A     		ldr	r2, .L24
 467 0078 D278     		ldrb	r2, [r2, #3]
 468 007a D2B2     		uxtb	r2, r2
 469 007c 0221     		mov	r1, #2
 470 007e 0A43     		orr	r2, r1
 471 0080 D2B2     		uxtb	r2, r2
 472 0082 DA70     		strb	r2, [r3, #3]
  58:../Sources/I2C.c **** 
  59:../Sources/I2C.c **** 	I2C_RepeatedStart();
 473              		.loc 1 59 0 is_stmt 1
 474 0084 544B     		ldr	r3, .L24
 475 0086 544A     		ldr	r2, .L24
 476 0088 9278     		ldrb	r2, [r2, #2]
 477 008a D2B2     		uxtb	r2, r2
 478 008c 0421     		mov	r1, #4
 479 008e 0A43     		orr	r2, r1
 480 0090 D2B2     		uxtb	r2, r2
 481 0092 9A70     		strb	r2, [r3, #2]
  60:../Sources/I2C.c **** 		
  61:../Sources/I2C.c **** 	I2C0_D = (u8SlaveAddress << 1) | 0x01;							/* Send I2C device address this time with W/R bit = 1
 482              		.loc 1 61 0
 483 0094 504B     		ldr	r3, .L24
 484 0096 FA1D     		add	r2, r7, #7
 485 0098 1278     		ldrb	r2, [r2]
 486 009a 5200     		lsl	r2, r2, #1
 487 009c D2B2     		uxtb	r2, r2
 488 009e 0121     		mov	r1, #1
 489 00a0 0A43     		orr	r2, r1
 490 00a2 D2B2     		uxtb	r2, r2
 491 00a4 D2B2     		uxtb	r2, r2
 492 00a6 1A71     		strb	r2, [r3, #4]
 493              	.L18:
  62:../Sources/I2C.c **** 	I2C_Wait();	
 494              		.loc 1 62 0
 495 00a8 4B4B     		ldr	r3, .L24
 496 00aa DB78     		ldrb	r3, [r3, #3]
 497 00ac DBB2     		uxtb	r3, r3
 498 00ae 1A1C     		mov	r2, r3
 499 00b0 0223     		mov	r3, #2
 500 00b2 1340     		and	r3, r2
 501 00b4 F8D0     		beq	.L18
 502              		.loc 1 62 0 is_stmt 0
 503 00b6 484B     		ldr	r3, .L24
 504 00b8 474A     		ldr	r2, .L24
 505 00ba D278     		ldrb	r2, [r2, #3]
 506 00bc D2B2     		uxtb	r2, r2
 507 00be 0221     		mov	r1, #2
 508 00c0 0A43     		orr	r2, r1
 509 00c2 D2B2     		uxtb	r2, r2
 510 00c4 DA70     		strb	r2, [r3, #3]
  63:../Sources/I2C.c **** 
  64:../Sources/I2C.c **** 	I2C_EnterRxMode();
 511              		.loc 1 64 0 is_stmt 1
 512 00c6 444B     		ldr	r3, .L24
 513 00c8 434A     		ldr	r2, .L24
 514 00ca 9278     		ldrb	r2, [r2, #2]
 515 00cc D2B2     		uxtb	r2, r2
 516 00ce 1021     		mov	r1, #16
 517 00d0 8A43     		bic	r2, r1
 518 00d2 D2B2     		uxtb	r2, r2
 519 00d4 9A70     		strb	r2, [r3, #2]
  65:../Sources/I2C.c **** 	I2C_EnableAck();
 520              		.loc 1 65 0
 521 00d6 404B     		ldr	r3, .L24
 522 00d8 3F4A     		ldr	r2, .L24
 523 00da 9278     		ldrb	r2, [r2, #2]
 524 00dc D2B2     		uxtb	r2, r2
 525 00de 0821     		mov	r1, #8
 526 00e0 8A43     		bic	r2, r1
 527 00e2 D2B2     		uxtb	r2, r2
 528 00e4 9A70     		strb	r2, [r3, #2]
  66:../Sources/I2C.c **** 	
  67:../Sources/I2C.c **** 	i = I2C0_D;
 529              		.loc 1 67 0
 530 00e6 3C4A     		ldr	r2, .L24
 531 00e8 3B1C     		mov	r3, r7
 532 00ea 0F33     		add	r3, r3, #15
 533 00ec 1279     		ldrb	r2, [r2, #4]
 534 00ee 1A70     		strb	r2, [r3]
 535              	.L19:
  68:../Sources/I2C.c **** 	I2C_Wait();
 536              		.loc 1 68 0
 537 00f0 394B     		ldr	r3, .L24
 538 00f2 DB78     		ldrb	r3, [r3, #3]
 539 00f4 DBB2     		uxtb	r3, r3
 540 00f6 1A1C     		mov	r2, r3
 541 00f8 0223     		mov	r3, #2
 542 00fa 1340     		and	r3, r2
 543 00fc F8D0     		beq	.L19
 544              		.loc 1 68 0 is_stmt 0
 545 00fe 364B     		ldr	r3, .L24
 546 0100 354A     		ldr	r2, .L24
 547 0102 D278     		ldrb	r2, [r2, #3]
 548 0104 D2B2     		uxtb	r2, r2
 549 0106 0221     		mov	r1, #2
 550 0108 0A43     		orr	r2, r1
 551 010a D2B2     		uxtb	r2, r2
 552 010c DA70     		strb	r2, [r3, #3]
  69:../Sources/I2C.c **** 	
  70:../Sources/I2C.c **** 	for(i=0; i<n-2; i++) 
 553              		.loc 1 70 0 is_stmt 1
 554 010e 3B1C     		mov	r3, r7
 555 0110 0F33     		add	r3, r3, #15
 556 0112 0022     		mov	r2, #0
 557 0114 1A70     		strb	r2, [r3]
 558 0116 1DE0     		b	.L20
 559              	.L22:
  71:../Sources/I2C.c **** 	{
  72:../Sources/I2C.c **** 	    *r = I2C0_D;
 560              		.loc 1 72 0
 561 0118 2F4B     		ldr	r3, .L24
 562 011a 1B79     		ldrb	r3, [r3, #4]
 563 011c DAB2     		uxtb	r2, r3
 564 011e 3B68     		ldr	r3, [r7]
 565 0120 1A70     		strb	r2, [r3]
  73:../Sources/I2C.c **** 	    r++;
 566              		.loc 1 73 0
 567 0122 3B68     		ldr	r3, [r7]
 568 0124 0133     		add	r3, r3, #1
 569 0126 3B60     		str	r3, [r7]
 570              	.L21:
  74:../Sources/I2C.c **** 	    I2C_Wait();
 571              		.loc 1 74 0
 572 0128 2B4B     		ldr	r3, .L24
 573 012a DB78     		ldrb	r3, [r3, #3]
 574 012c DBB2     		uxtb	r3, r3
 575 012e 1A1C     		mov	r2, r3
 576 0130 0223     		mov	r3, #2
 577 0132 1340     		and	r3, r2
 578 0134 F8D0     		beq	.L21
 579              		.loc 1 74 0 is_stmt 0
 580 0136 284B     		ldr	r3, .L24
 581 0138 274A     		ldr	r2, .L24
 582 013a D278     		ldrb	r2, [r2, #3]
 583 013c D2B2     		uxtb	r2, r2
 584 013e 0221     		mov	r1, #2
 585 0140 0A43     		orr	r2, r1
 586 0142 D2B2     		uxtb	r2, r2
 587 0144 DA70     		strb	r2, [r3, #3]
  70:../Sources/I2C.c **** 	for(i=0; i<n-2; i++) 
 588              		.loc 1 70 0 is_stmt 1
 589 0146 3B1C     		mov	r3, r7
 590 0148 0F33     		add	r3, r3, #15
 591 014a 3A1C     		mov	r2, r7
 592 014c 0F32     		add	r2, r2, #15
 593 014e 1278     		ldrb	r2, [r2]
 594 0150 0132     		add	r2, r2, #1
 595 0152 1A70     		strb	r2, [r3]
 596              	.L20:
  70:../Sources/I2C.c **** 	for(i=0; i<n-2; i++) 
 597              		.loc 1 70 0 is_stmt 0
 598 0154 3B1C     		mov	r3, r7
 599 0156 0F33     		add	r3, r3, #15
 600 0158 1A78     		ldrb	r2, [r3]
 601 015a 7B1D     		add	r3, r7, #5
 602 015c 1B78     		ldrb	r3, [r3]
 603 015e 023B     		sub	r3, r3, #2
 604 0160 9A42     		cmp	r2, r3
 605 0162 D9DB     		blt	.L22
  75:../Sources/I2C.c **** 	}
  76:../Sources/I2C.c **** 	
  77:../Sources/I2C.c **** 	I2C_DisableAck();
 606              		.loc 1 77 0 is_stmt 1
 607 0164 1C4B     		ldr	r3, .L24
 608 0166 1C4A     		ldr	r2, .L24
 609 0168 9278     		ldrb	r2, [r2, #2]
 610 016a D2B2     		uxtb	r2, r2
 611 016c 0821     		mov	r1, #8
 612 016e 0A43     		orr	r2, r1
 613 0170 D2B2     		uxtb	r2, r2
 614 0172 9A70     		strb	r2, [r3, #2]
  78:../Sources/I2C.c **** 	*r = I2C0_D;
 615              		.loc 1 78 0
 616 0174 184B     		ldr	r3, .L24
 617 0176 1B79     		ldrb	r3, [r3, #4]
 618 0178 DAB2     		uxtb	r2, r3
 619 017a 3B68     		ldr	r3, [r7]
 620 017c 1A70     		strb	r2, [r3]
  79:../Sources/I2C.c **** 	r++;
 621              		.loc 1 79 0
 622 017e 3B68     		ldr	r3, [r7]
 623 0180 0133     		add	r3, r3, #1
 624 0182 3B60     		str	r3, [r7]
 625              	.L23:
  80:../Sources/I2C.c **** 	I2C_Wait();
 626              		.loc 1 80 0
 627 0184 144B     		ldr	r3, .L24
 628 0186 DB78     		ldrb	r3, [r3, #3]
 629 0188 DBB2     		uxtb	r3, r3
 630 018a 1A1C     		mov	r2, r3
 631 018c 0223     		mov	r3, #2
 632 018e 1340     		and	r3, r2
 633 0190 F8D0     		beq	.L23
 634              		.loc 1 80 0 is_stmt 0
 635 0192 114B     		ldr	r3, .L24
 636 0194 104A     		ldr	r2, .L24
 637 0196 D278     		ldrb	r2, [r2, #3]
 638 0198 D2B2     		uxtb	r2, r2
 639 019a 0221     		mov	r1, #2
 640 019c 0A43     		orr	r2, r1
 641 019e D2B2     		uxtb	r2, r2
 642 01a0 DA70     		strb	r2, [r3, #3]
  81:../Sources/I2C.c **** 	I2C_Stop();
 643              		.loc 1 81 0 is_stmt 1
 644 01a2 0D4B     		ldr	r3, .L24
 645 01a4 0C4A     		ldr	r2, .L24
 646 01a6 9278     		ldrb	r2, [r2, #2]
 647 01a8 D2B2     		uxtb	r2, r2
 648 01aa 2021     		mov	r1, #32
 649 01ac 8A43     		bic	r2, r1
 650 01ae D2B2     		uxtb	r2, r2
 651 01b0 9A70     		strb	r2, [r3, #2]
 652 01b2 094B     		ldr	r3, .L24
 653 01b4 084A     		ldr	r2, .L24
 654 01b6 9278     		ldrb	r2, [r2, #2]
 655 01b8 D2B2     		uxtb	r2, r2
 656 01ba 1021     		mov	r1, #16
 657 01bc 8A43     		bic	r2, r1
 658 01be D2B2     		uxtb	r2, r2
 659 01c0 9A70     		strb	r2, [r3, #2]
  82:../Sources/I2C.c **** 	*r = I2C0_D; 
 660              		.loc 1 82 0
 661 01c2 054B     		ldr	r3, .L24
 662 01c4 1B79     		ldrb	r3, [r3, #4]
 663 01c6 DAB2     		uxtb	r2, r3
 664 01c8 3B68     		ldr	r3, [r7]
 665 01ca 1A70     		strb	r2, [r3]
  83:../Sources/I2C.c **** 	Pause(50);		
 666              		.loc 1 83 0
 667 01cc 3220     		mov	r0, #50
 668 01ce FFF7FEFF 		bl	Pause
  84:../Sources/I2C.c **** }
 669              		.loc 1 84 0
 670 01d2 BD46     		mov	sp, r7
 671 01d4 04B0     		add	sp, sp, #16
 672              		@ sp needed for prologue
 673 01d6 80BD     		pop	{r7, pc}
 674              	.L25:
 675              		.align	2
 676              	.L24:
 677 01d8 00600640 		.word	1074159616
 678              		.cfi_endproc
 679              	.LFE2:
 681              		.section	.text.Pause,"ax",%progbits
 682              		.align	2
 683              		.global	Pause
 684              		.code	16
 685              		.thumb_func
 687              	Pause:
 688              	.LFB3:
  85:../Sources/I2C.c **** 
  86:../Sources/I2C.c **** void Pause(int number)
  87:../Sources/I2C.c **** {
 689              		.loc 1 87 0
 690              		.cfi_startproc
 691 0000 80B5     		push	{r7, lr}
 692              	.LCFI9:
 693              		.cfi_def_cfa_offset 8
 694              		.cfi_offset 7, -8
 695              		.cfi_offset 14, -4
 696 0002 84B0     		sub	sp, sp, #16
 697              	.LCFI10:
 698              		.cfi_def_cfa_offset 24
 699 0004 00AF     		add	r7, sp, #0
 700              	.LCFI11:
 701              		.cfi_def_cfa_register 7
 702 0006 7860     		str	r0, [r7, #4]
  88:../Sources/I2C.c **** 	int cnt;
  89:../Sources/I2C.c **** 	for(cnt=0; cnt<number; cnt++)
 703              		.loc 1 89 0
 704 0008 0023     		mov	r3, #0
 705 000a FB60     		str	r3, [r7, #12]
 706 000c 03E0     		b	.L27
 707              	.L28:
  90:../Sources/I2C.c **** 	{
  91:../Sources/I2C.c **** 		asm("nop");
 708              		.loc 1 91 0
 709              	@ 91 "../Sources/I2C.c" 1
 710 000e C046     		nop
 711              	@ 0 "" 2
  89:../Sources/I2C.c **** 	for(cnt=0; cnt<number; cnt++)
 712              		.loc 1 89 0
 713              		.code	16
 714 0010 FB68     		ldr	r3, [r7, #12]
 715 0012 0133     		add	r3, r3, #1
 716 0014 FB60     		str	r3, [r7, #12]
 717              	.L27:
  89:../Sources/I2C.c **** 	for(cnt=0; cnt<number; cnt++)
 718              		.loc 1 89 0 is_stmt 0
 719 0016 FA68     		ldr	r2, [r7, #12]
 720 0018 7B68     		ldr	r3, [r7, #4]
 721 001a 9A42     		cmp	r2, r3
 722 001c F7DB     		blt	.L28
  92:../Sources/I2C.c **** 	};
  93:../Sources/I2C.c **** }
 723              		.loc 1 93 0 is_stmt 1
 724 001e BD46     		mov	sp, r7
 725 0020 04B0     		add	sp, sp, #16
 726              		@ sp needed for prologue
 727 0022 80BD     		pop	{r7, pc}
 728              		.cfi_endproc
 729              	.LFE3:
 731              		.text
 732              	.Letext0:
 733              		.file 2 "C:/Users/Brent Dimmig/workspace/Freesnail/Project_Headers/MKL25Z4.h"
 734              		.file 3 "C:/Freescale/CW MCU v10.5/MCU/ARM_GCC_Support/ewl/EWL_C/include/cstdint"
DEFINED SYMBOLS
                            *ABS*:00000000 I2C.c
C:\Users\BRENTD~1\AppData\Local\Temp\cccT6O6i.s:18     .text.I2C_WriteRegister:00000000 $t
C:\Users\BRENTD~1\AppData\Local\Temp\cccT6O6i.s:23     .text.I2C_WriteRegister:00000000 I2C_WriteRegister
C:\Users\BRENTD~1\AppData\Local\Temp\cccT6O6i.s:687    .text.Pause:00000000 Pause
C:\Users\BRENTD~1\AppData\Local\Temp\cccT6O6i.s:161    .text.I2C_WriteRegister:000000d4 $d
C:\Users\BRENTD~1\AppData\Local\Temp\cccT6O6i.s:166    .text.I2C_ReadRegister:00000000 $t
C:\Users\BRENTD~1\AppData\Local\Temp\cccT6O6i.s:171    .text.I2C_ReadRegister:00000000 I2C_ReadRegister
C:\Users\BRENTD~1\AppData\Local\Temp\cccT6O6i.s:376    .text.I2C_ReadRegister:0000014c $d
C:\Users\BRENTD~1\AppData\Local\Temp\cccT6O6i.s:381    .text.I2C_ReadMultiRegisters:00000000 $t
C:\Users\BRENTD~1\AppData\Local\Temp\cccT6O6i.s:386    .text.I2C_ReadMultiRegisters:00000000 I2C_ReadMultiRegisters
C:\Users\BRENTD~1\AppData\Local\Temp\cccT6O6i.s:677    .text.I2C_ReadMultiRegisters:000001d8 $d
C:\Users\BRENTD~1\AppData\Local\Temp\cccT6O6i.s:682    .text.Pause:00000000 $t
                     .debug_frame:00000010 $d

NO UNDEFINED SYMBOLS
