   1              		.cpu cortex-m0
   2              		.fpu softvfp
   3              		.eabi_attribute 20, 1
   4              		.eabi_attribute 21, 1
   5              		.eabi_attribute 23, 3
   6              		.eabi_attribute 24, 1
   7              		.eabi_attribute 25, 1
   8              		.eabi_attribute 26, 1
   9              		.eabi_attribute 30, 6
  10              		.eabi_attribute 34, 0
  11              		.eabi_attribute 18, 4
  12              		.code	16
  13              		.file	"kinetis_sysinit.c"
  14              		.text
  15              	.Ltext0:
  16              		.cfi_sections	.debug_frame
  17              		.comm	straight_speed,4,4
  18              		.comm	medium_speed,4,4
  19              		.comm	turn_speed,4,4
  20              		.comm	brake_speed,4,4
  21              		.comm	speedC,4,4
  22              		.comm	LineScanData,200,4
  23              		.comm	histogram,4096,4
  24              		.comm	kp,8,8
  25              		.comm	ki,8,8
  26              		.comm	kd,8,8
  27              		.comm	lastError,8,8
  28              		.comm	llastError,8,8
  29              		.comm	lastOutput,4,4
  30              		.comm	AccData,6,4
  31              		.comm	Xout,2,2
  32              		.comm	Yout,2,2
  33              		.comm	Zout,2,2
  34              		.comm	Xoffset,1,1
  35              		.comm	Yoffset,1,1
  36              		.comm	Zoffset,1,1
  37              		.comm	ramp,4,4
  38              		.section	.text.Default_Handler,"ax",%progbits
  39              		.align	2
  40              		.global	Default_Handler
  41              		.code	16
  42              		.thumb_func
  44              	Default_Handler:
  45              	.LFB0:
  46              		.file 1 "../Project_Settings/Startup_Code/kinetis_sysinit.c"
   1:../Project_Settings/Startup_Code/kinetis_sysinit.c **** /*
   2:../Project_Settings/Startup_Code/kinetis_sysinit.c ****  *    kinetis_sysinit.c - Default init routines for Flycatcher
   3:../Project_Settings/Startup_Code/kinetis_sysinit.c ****  *                     		Kinetis ARM systems
   4:../Project_Settings/Startup_Code/kinetis_sysinit.c ****  *    Copyright © 2012 Freescale semiConductor Inc. All Rights Reserved.
   5:../Project_Settings/Startup_Code/kinetis_sysinit.c ****  */
   6:../Project_Settings/Startup_Code/kinetis_sysinit.c ****  
   7:../Project_Settings/Startup_Code/kinetis_sysinit.c **** #include "kinetis_sysinit.h"
   8:../Project_Settings/Startup_Code/kinetis_sysinit.c **** #include "derivative.h"
   9:../Project_Settings/Startup_Code/kinetis_sysinit.c **** #include "config.h"
  10:../Project_Settings/Startup_Code/kinetis_sysinit.c **** 
  11:../Project_Settings/Startup_Code/kinetis_sysinit.c **** /**
  12:../Project_Settings/Startup_Code/kinetis_sysinit.c ****  **===========================================================================
  13:../Project_Settings/Startup_Code/kinetis_sysinit.c ****  **  External declarations
  14:../Project_Settings/Startup_Code/kinetis_sysinit.c ****  **===========================================================================
  15:../Project_Settings/Startup_Code/kinetis_sysinit.c ****  */
  16:../Project_Settings/Startup_Code/kinetis_sysinit.c **** #if __cplusplus
  17:../Project_Settings/Startup_Code/kinetis_sysinit.c **** extern "C" {
  18:../Project_Settings/Startup_Code/kinetis_sysinit.c **** #endif
  19:../Project_Settings/Startup_Code/kinetis_sysinit.c **** extern uint32_t __vector_table[];
  20:../Project_Settings/Startup_Code/kinetis_sysinit.c **** extern unsigned long _estack;
  21:../Project_Settings/Startup_Code/kinetis_sysinit.c **** extern void __thumb_startup(void);
  22:../Project_Settings/Startup_Code/kinetis_sysinit.c **** #if __cplusplus
  23:../Project_Settings/Startup_Code/kinetis_sysinit.c **** }
  24:../Project_Settings/Startup_Code/kinetis_sysinit.c **** #endif
  25:../Project_Settings/Startup_Code/kinetis_sysinit.c **** 
  26:../Project_Settings/Startup_Code/kinetis_sysinit.c **** /**
  27:../Project_Settings/Startup_Code/kinetis_sysinit.c ****  **===========================================================================
  28:../Project_Settings/Startup_Code/kinetis_sysinit.c ****  **  Default interrupt handler
  29:../Project_Settings/Startup_Code/kinetis_sysinit.c ****  **===========================================================================
  30:../Project_Settings/Startup_Code/kinetis_sysinit.c ****  */
  31:../Project_Settings/Startup_Code/kinetis_sysinit.c **** void Default_Handler()
  32:../Project_Settings/Startup_Code/kinetis_sysinit.c **** {
  47              		.loc 1 32 0
  48              		.cfi_startproc
  49 0000 80B5     		push	{r7, lr}
  50              	.LCFI0:
  51              		.cfi_def_cfa_offset 8
  52              		.cfi_offset 7, -8
  53              		.cfi_offset 14, -4
  54 0002 00AF     		add	r7, sp, #0
  55              	.LCFI1:
  56              		.cfi_def_cfa_register 7
  33:../Project_Settings/Startup_Code/kinetis_sysinit.c **** 	__asm("bkpt");
  57              		.loc 1 33 0
  58              	@ 33 "../Project_Settings/Startup_Code/kinetis_sysinit.c" 1
  59 0004 00BE     		bkpt
  60              	@ 0 "" 2
  34:../Project_Settings/Startup_Code/kinetis_sysinit.c **** }
  61              		.loc 1 34 0
  62              		.code	16
  63 0006 BD46     		mov	sp, r7
  64              		@ sp needed for prologue
  65 0008 80BD     		pop	{r7, pc}
  66              		.cfi_endproc
  67              	.LFE0:
  69              		.weak	HardFault_Handler
  70              		.thumb_set HardFault_Handler,Default_Handler
  71              		.weak	SVC_Handler
  72              		.thumb_set SVC_Handler,Default_Handler
  73              		.weak	PendSV_Handler
  74              		.thumb_set PendSV_Handler,Default_Handler
  75              		.weak	SysTick_Handler
  76              		.thumb_set SysTick_Handler,Default_Handler
  77              		.weak	DMA0_IRQHandler
  78              		.thumb_set DMA0_IRQHandler,Default_Handler
  79              		.weak	DMA1_IRQHandler
  80              		.thumb_set DMA1_IRQHandler,Default_Handler
  81              		.weak	DMA2_IRQHandler
  82              		.thumb_set DMA2_IRQHandler,Default_Handler
  83              		.weak	DMA3_IRQHandler
  84              		.thumb_set DMA3_IRQHandler,Default_Handler
  85              		.weak	MCM_IRQHandler
  86              		.thumb_set MCM_IRQHandler,Default_Handler
  87              		.weak	FTFL_IRQHandler
  88              		.thumb_set FTFL_IRQHandler,Default_Handler
  89              		.weak	PMC_IRQHandler
  90              		.thumb_set PMC_IRQHandler,Default_Handler
  91              		.weak	LLW_IRQHandler
  92              		.thumb_set LLW_IRQHandler,Default_Handler
  93              		.weak	I2C0_IRQHandler
  94              		.thumb_set I2C0_IRQHandler,Default_Handler
  95              		.weak	I2C1_IRQHandler
  96              		.thumb_set I2C1_IRQHandler,Default_Handler
  97              		.weak	SPI0_IRQHandler
  98              		.thumb_set SPI0_IRQHandler,Default_Handler
  99              		.weak	SPI1_IRQHandler
 100              		.thumb_set SPI1_IRQHandler,Default_Handler
 101              		.weak	UART0_IRQHandler
 102              		.thumb_set UART0_IRQHandler,Default_Handler
 103              		.weak	UART1_IRQHandler
 104              		.thumb_set UART1_IRQHandler,Default_Handler
 105              		.weak	UART2_IRQHandler
 106              		.thumb_set UART2_IRQHandler,Default_Handler
 107              		.weak	ADC0_IRQHandler
 108              		.thumb_set ADC0_IRQHandler,Default_Handler
 109              		.weak	CMP0_IRQHandler
 110              		.thumb_set CMP0_IRQHandler,Default_Handler
 111              		.weak	FTM0_IRQHandler
 112              		.thumb_set FTM0_IRQHandler,Default_Handler
 113              		.weak	Servo_IRQHandler
 114              		.thumb_set Servo_IRQHandler,Default_Handler
 115              		.weak	FTM2_IRQHandler
 116              		.thumb_set FTM2_IRQHandler,Default_Handler
 117              		.weak	RTC_Alarm_IRQHandler
 118              		.thumb_set RTC_Alarm_IRQHandler,Default_Handler
 119              		.weak	RTC_Seconds_IRQHandler
 120              		.thumb_set RTC_Seconds_IRQHandler,Default_Handler
 121              		.weak	PIT_IRQHandler
 122              		.thumb_set PIT_IRQHandler,Default_Handler
 123              		.weak	USBOTG_IRQHandler
 124              		.thumb_set USBOTG_IRQHandler,Default_Handler
 125              		.weak	DAC0_IRQHandler
 126              		.thumb_set DAC0_IRQHandler,Default_Handler
 127              		.weak	TSI0_IRQHandler
 128              		.thumb_set TSI0_IRQHandler,Default_Handler
 129              		.weak	MCG_IRQHandler
 130              		.thumb_set MCG_IRQHandler,Default_Handler
 131              		.weak	LPTimer_IRQHandler
 132              		.thumb_set LPTimer_IRQHandler,Default_Handler
 133              		.weak	PORTA_IRQHandler
 134              		.thumb_set PORTA_IRQHandler,Default_Handler
 135              		.weak	PORTD_IRQHandler
 136              		.thumb_set PORTD_IRQHandler,Default_Handler
 137              		.weak	NMI_Handler
 138              		.thumb_set NMI_Handler,Default_Handler
 139 000a C046     		.section	.text.__init_hardware,"ax",%progbits
 140              		.align	2
 141              		.global	__init_hardware
 142              		.code	16
 143              		.thumb_func
 145              	__init_hardware:
 146              	.LFB1:
  35:../Project_Settings/Startup_Code/kinetis_sysinit.c **** 
  36:../Project_Settings/Startup_Code/kinetis_sysinit.c **** /**
  37:../Project_Settings/Startup_Code/kinetis_sysinit.c ****  **===========================================================================
  38:../Project_Settings/Startup_Code/kinetis_sysinit.c ****  **  Reset handler
  39:../Project_Settings/Startup_Code/kinetis_sysinit.c ****  **===========================================================================
  40:../Project_Settings/Startup_Code/kinetis_sysinit.c ****  */
  41:../Project_Settings/Startup_Code/kinetis_sysinit.c **** void __init_hardware()
  42:../Project_Settings/Startup_Code/kinetis_sysinit.c **** {
 147              		.loc 1 42 0
 148              		.cfi_startproc
 149 0000 80B5     		push	{r7, lr}
 150              	.LCFI2:
 151              		.cfi_def_cfa_offset 8
 152              		.cfi_offset 7, -8
 153              		.cfi_offset 14, -4
 154 0002 00AF     		add	r7, sp, #0
 155              	.LCFI3:
 156              		.cfi_def_cfa_register 7
  43:../Project_Settings/Startup_Code/kinetis_sysinit.c **** 	SCB_VTOR = (uint32_t)__vector_table; /* Set the interrupt vector table position */
 157              		.loc 1 43 0
 158 0004 054A     		ldr	r2, .L3
 159 0006 0649     		ldr	r1, .L3+4
 160 0008 064B     		ldr	r3, .L3+8
 161 000a D150     		str	r1, [r2, r3]
  44:../Project_Settings/Startup_Code/kinetis_sysinit.c **** 	
  45:../Project_Settings/Startup_Code/kinetis_sysinit.c **** 	// Disable the Watchdog because it may reset the core before entering main().
  46:../Project_Settings/Startup_Code/kinetis_sysinit.c **** 	SIM_COPC = KINETIS_WDOG_DISABLED_CTRL;
 162              		.loc 1 46 0
 163 000c 064A     		ldr	r2, .L3+12
 164 000e 8823     		mov	r3, #136
 165 0010 5B01     		lsl	r3, r3, #5
 166 0012 0021     		mov	r1, #0
 167 0014 D150     		str	r1, [r2, r3]
  47:../Project_Settings/Startup_Code/kinetis_sysinit.c **** }
 168              		.loc 1 47 0
 169 0016 BD46     		mov	sp, r7
 170              		@ sp needed for prologue
 171 0018 80BD     		pop	{r7, pc}
 172              	.L4:
 173 001a C046     		.align	2
 174              	.L3:
 175 001c 00E000E0 		.word	-536813568
 176 0020 00000000 		.word	__vector_table
 177 0024 080D0000 		.word	3336
 178 0028 00700440 		.word	1074032640
 179              		.cfi_endproc
 180              	.LFE1:
 182              		.global	InterruptVector
 183              		.section	.vectortable,"a",%progbits
 184              		.align	2
 187              	InterruptVector:
 188 0000 00000000 		.word	_estack
 189 0004 00000000 		.word	__thumb_startup
 190 0008 00000000 		.word	NMI_Handler
 191 000c 00000000 		.word	HardFault_Handler
 192 0010 00000000 		.word	0
 193 0014 00000000 		.word	0
 194 0018 00000000 		.word	0
 195 001c 00000000 		.word	0
 196 0020 00000000 		.word	0
 197 0024 00000000 		.word	0
 198 0028 00000000 		.word	0
 199 002c 00000000 		.word	SVC_Handler
 200 0030 00000000 		.word	0
 201 0034 00000000 		.word	0
 202 0038 00000000 		.word	PendSV_Handler
 203 003c 00000000 		.word	SysTick_Handler
 204 0040 00000000 		.word	DMA0_IRQHandler
 205 0044 00000000 		.word	DMA1_IRQHandler
 206 0048 00000000 		.word	DMA2_IRQHandler
 207 004c 00000000 		.word	DMA3_IRQHandler
 208 0050 00000000 		.word	MCM_IRQHandler
 209 0054 00000000 		.word	FTFL_IRQHandler
 210 0058 00000000 		.word	PMC_IRQHandler
 211 005c 00000000 		.word	LLW_IRQHandler
 212 0060 00000000 		.word	I2C0_IRQHandler
 213 0064 00000000 		.word	I2C1_IRQHandler
 214 0068 00000000 		.word	SPI0_IRQHandler
 215 006c 00000000 		.word	SPI1_IRQHandler
 216 0070 00000000 		.word	0
 217 0074 00000000 		.word	0
 218 0078 00000000 		.word	0
 219 007c 00000000 		.word	ADC0_IRQHandler
 220 0080 00000000 		.word	CMP0_IRQHandler
 221 0084 00000000 		.word	FTM0_IRQHandler
 222 0088 00000000 		.word	Servo_IRQHandler
 223 008c 00000000 		.word	FTM2_IRQHandler
 224 0090 00000000 		.word	RTC_Alarm_IRQHandler
 225 0094 00000000 		.word	RTC_Seconds_IRQHandler
 226 0098 00000000 		.word	PIT_IRQHandler
 227 009c 00000000 		.word	Default_Handler
 228 00a0 00000000 		.word	USBOTG_IRQHandler
 229 00a4 00000000 		.word	DAC0_IRQHandler
 230 00a8 00000000 		.word	TSI0_IRQHandler
 231 00ac 00000000 		.word	MCG_IRQHandler
 232 00b0 00000000 		.word	LPTimer_IRQHandler
 233 00b4 00000000 		.word	Default_Handler
 234 00b8 00000000 		.word	PORTA_IRQHandler
 235 00bc 00000000 		.word	PORTD_IRQHandler
 236              		.text
 237              	.Letext0:
 238              		.file 2 "C:/Freescale/CW MCU v10.5/MCU/ARM_GCC_Support/ewl/EWL_C/include/cstdint"
 239              		.file 3 "C:/Users/Brent Dimmig/workspace/Freesnail/Project_Headers/MKL25Z4.h"
 240              		.file 4 "C:/Users/Brent Dimmig/workspace/Freesnail/Project_Headers/Control.h"
 241              		.file 5 "C:/Users/Brent Dimmig/workspace/Freesnail/Project_Headers/LineScanCamera.h"
 242              		.file 6 "C:/Users/Brent Dimmig/workspace/Freesnail/Project_Headers/PID.h"
 243              		.file 7 "C:/Users/Brent Dimmig/workspace/Freesnail/Project_Headers/Accel.h"
DEFINED SYMBOLS
                            *ABS*:00000000 kinetis_sysinit.c
                            *COM*:00000004 straight_speed
                            *COM*:00000004 medium_speed
                            *COM*:00000004 turn_speed
                            *COM*:00000004 brake_speed
                            *COM*:00000004 speedC
                            *COM*:000000c8 LineScanData
                            *COM*:00001000 histogram
                            *COM*:00000008 kp
                            *COM*:00000008 ki
                            *COM*:00000008 kd
                            *COM*:00000008 lastError
                            *COM*:00000008 llastError
                            *COM*:00000004 lastOutput
                            *COM*:00000006 AccData
                            *COM*:00000002 Xout
                            *COM*:00000002 Yout
                            *COM*:00000002 Zout
                            *COM*:00000001 Xoffset
                            *COM*:00000001 Yoffset
                            *COM*:00000001 Zoffset
                            *COM*:00000004 ramp
C:\Users\BRENTD~1\AppData\Local\Temp\cccjSXnP.s:39     .text.Default_Handler:00000000 $t
C:\Users\BRENTD~1\AppData\Local\Temp\cccjSXnP.s:44     .text.Default_Handler:00000000 Default_Handler
C:\Users\BRENTD~1\AppData\Local\Temp\cccjSXnP.s:44     .text.Default_Handler:00000000 HardFault_Handler
C:\Users\BRENTD~1\AppData\Local\Temp\cccjSXnP.s:44     .text.Default_Handler:00000000 SVC_Handler
C:\Users\BRENTD~1\AppData\Local\Temp\cccjSXnP.s:44     .text.Default_Handler:00000000 PendSV_Handler
C:\Users\BRENTD~1\AppData\Local\Temp\cccjSXnP.s:44     .text.Default_Handler:00000000 SysTick_Handler
C:\Users\BRENTD~1\AppData\Local\Temp\cccjSXnP.s:44     .text.Default_Handler:00000000 DMA0_IRQHandler
C:\Users\BRENTD~1\AppData\Local\Temp\cccjSXnP.s:44     .text.Default_Handler:00000000 DMA1_IRQHandler
C:\Users\BRENTD~1\AppData\Local\Temp\cccjSXnP.s:44     .text.Default_Handler:00000000 DMA2_IRQHandler
C:\Users\BRENTD~1\AppData\Local\Temp\cccjSXnP.s:44     .text.Default_Handler:00000000 DMA3_IRQHandler
C:\Users\BRENTD~1\AppData\Local\Temp\cccjSXnP.s:44     .text.Default_Handler:00000000 MCM_IRQHandler
C:\Users\BRENTD~1\AppData\Local\Temp\cccjSXnP.s:44     .text.Default_Handler:00000000 FTFL_IRQHandler
C:\Users\BRENTD~1\AppData\Local\Temp\cccjSXnP.s:44     .text.Default_Handler:00000000 PMC_IRQHandler
C:\Users\BRENTD~1\AppData\Local\Temp\cccjSXnP.s:44     .text.Default_Handler:00000000 LLW_IRQHandler
C:\Users\BRENTD~1\AppData\Local\Temp\cccjSXnP.s:44     .text.Default_Handler:00000000 I2C0_IRQHandler
C:\Users\BRENTD~1\AppData\Local\Temp\cccjSXnP.s:44     .text.Default_Handler:00000000 I2C1_IRQHandler
C:\Users\BRENTD~1\AppData\Local\Temp\cccjSXnP.s:44     .text.Default_Handler:00000000 SPI0_IRQHandler
C:\Users\BRENTD~1\AppData\Local\Temp\cccjSXnP.s:44     .text.Default_Handler:00000000 SPI1_IRQHandler
C:\Users\BRENTD~1\AppData\Local\Temp\cccjSXnP.s:44     .text.Default_Handler:00000000 UART0_IRQHandler
C:\Users\BRENTD~1\AppData\Local\Temp\cccjSXnP.s:44     .text.Default_Handler:00000000 UART1_IRQHandler
C:\Users\BRENTD~1\AppData\Local\Temp\cccjSXnP.s:44     .text.Default_Handler:00000000 UART2_IRQHandler
C:\Users\BRENTD~1\AppData\Local\Temp\cccjSXnP.s:44     .text.Default_Handler:00000000 ADC0_IRQHandler
C:\Users\BRENTD~1\AppData\Local\Temp\cccjSXnP.s:44     .text.Default_Handler:00000000 CMP0_IRQHandler
C:\Users\BRENTD~1\AppData\Local\Temp\cccjSXnP.s:44     .text.Default_Handler:00000000 FTM0_IRQHandler
C:\Users\BRENTD~1\AppData\Local\Temp\cccjSXnP.s:44     .text.Default_Handler:00000000 Servo_IRQHandler
C:\Users\BRENTD~1\AppData\Local\Temp\cccjSXnP.s:44     .text.Default_Handler:00000000 FTM2_IRQHandler
C:\Users\BRENTD~1\AppData\Local\Temp\cccjSXnP.s:44     .text.Default_Handler:00000000 RTC_Alarm_IRQHandler
C:\Users\BRENTD~1\AppData\Local\Temp\cccjSXnP.s:44     .text.Default_Handler:00000000 RTC_Seconds_IRQHandler
C:\Users\BRENTD~1\AppData\Local\Temp\cccjSXnP.s:44     .text.Default_Handler:00000000 PIT_IRQHandler
C:\Users\BRENTD~1\AppData\Local\Temp\cccjSXnP.s:44     .text.Default_Handler:00000000 USBOTG_IRQHandler
C:\Users\BRENTD~1\AppData\Local\Temp\cccjSXnP.s:44     .text.Default_Handler:00000000 DAC0_IRQHandler
C:\Users\BRENTD~1\AppData\Local\Temp\cccjSXnP.s:44     .text.Default_Handler:00000000 TSI0_IRQHandler
C:\Users\BRENTD~1\AppData\Local\Temp\cccjSXnP.s:44     .text.Default_Handler:00000000 MCG_IRQHandler
C:\Users\BRENTD~1\AppData\Local\Temp\cccjSXnP.s:44     .text.Default_Handler:00000000 LPTimer_IRQHandler
C:\Users\BRENTD~1\AppData\Local\Temp\cccjSXnP.s:44     .text.Default_Handler:00000000 PORTA_IRQHandler
C:\Users\BRENTD~1\AppData\Local\Temp\cccjSXnP.s:44     .text.Default_Handler:00000000 PORTD_IRQHandler
C:\Users\BRENTD~1\AppData\Local\Temp\cccjSXnP.s:44     .text.Default_Handler:00000000 NMI_Handler
C:\Users\BRENTD~1\AppData\Local\Temp\cccjSXnP.s:140    .text.__init_hardware:00000000 $t
C:\Users\BRENTD~1\AppData\Local\Temp\cccjSXnP.s:145    .text.__init_hardware:00000000 __init_hardware
C:\Users\BRENTD~1\AppData\Local\Temp\cccjSXnP.s:175    .text.__init_hardware:0000001c $d
C:\Users\BRENTD~1\AppData\Local\Temp\cccjSXnP.s:187    .vectortable:00000000 InterruptVector
C:\Users\BRENTD~1\AppData\Local\Temp\cccjSXnP.s:184    .vectortable:00000000 $d
                     .debug_frame:00000010 $d

UNDEFINED SYMBOLS
__vector_table
_estack
__thumb_startup
