   1              		.cpu cortex-m0
   2              		.fpu softvfp
   3              		.eabi_attribute 20, 1
   4              		.eabi_attribute 21, 1
   5              		.eabi_attribute 23, 3
   6              		.eabi_attribute 24, 1
   7              		.eabi_attribute 25, 1
   8              		.eabi_attribute 26, 1
   9              		.eabi_attribute 30, 6
  10              		.eabi_attribute 34, 0
  11              		.eabi_attribute 18, 4
  12              		.code	16
  13              		.file	"ARM_SysTick.c"
  14              		.text
  15              	.Ltext0:
  16              		.cfi_sections	.debug_frame
  17              		.comm	straight_speed,4,4
  18              		.comm	medium_speed,4,4
  19              		.comm	turn_speed,4,4
  20              		.comm	brake_speed,4,4
  21              		.comm	speedC,4,4
  22              		.comm	LineScanData,200,4
  23              		.comm	histogram,4096,4
  24              		.comm	kp,8,8
  25              		.comm	ki,8,8
  26              		.comm	kd,8,8
  27              		.comm	lastError,8,8
  28              		.comm	llastError,8,8
  29              		.comm	lastOutput,4,4
  30              		.comm	AccData,6,4
  31              		.comm	Xout,2,2
  32              		.comm	Yout,2,2
  33              		.comm	Zout,2,2
  34              		.comm	Xoffset,1,1
  35              		.comm	Yoffset,1,1
  36              		.comm	Zoffset,1,1
  37              		.comm	ramp,4,4
  38              		.section	.bss.DelayTimerTick,"aw",%nobits
  39              		.align	2
  42              	DelayTimerTick:
  43 0000 00000000 		.space	4
  44              		.comm	Ticker,16,4
  45              		.section	.text.InitSysTick,"ax",%progbits
  46              		.align	2
  47              		.global	InitSysTick
  48              		.code	16
  49              		.thumb_func
  51              	InitSysTick:
  52              	.LFB0:
  53              		.file 1 "../Sources/system/ARM_SysTick.c"
   1:../Sources/system/ARM_SysTick.c **** #include "Config.h"
   2:../Sources/system/ARM_SysTick.c **** 
   3:../Sources/system/ARM_SysTick.c **** 
   4:../Sources/system/ARM_SysTick.c **** static volatile unsigned int DelayTimerTick = 0;
   5:../Sources/system/ARM_SysTick.c **** volatile uint32_t Ticker[NUM_TICKERS];
   6:../Sources/system/ARM_SysTick.c **** 
   7:../Sources/system/ARM_SysTick.c **** void InitSysTick()
   8:../Sources/system/ARM_SysTick.c **** {
  54              		.loc 1 8 0
  55              		.cfi_startproc
  56 0000 80B5     		push	{r7, lr}
  57              	.LCFI0:
  58              		.cfi_def_cfa_offset 8
  59              		.cfi_offset 7, -8
  60              		.cfi_offset 14, -4
  61 0002 82B0     		sub	sp, sp, #8
  62              	.LCFI1:
  63              		.cfi_def_cfa_offset 16
  64 0004 00AF     		add	r7, sp, #0
  65              	.LCFI2:
  66              		.cfi_def_cfa_register 7
   9:../Sources/system/ARM_SysTick.c **** 	uint8_t i;
  10:../Sources/system/ARM_SysTick.c **** 	
  11:../Sources/system/ARM_SysTick.c **** 	for(i=0;i<NUM_TICKERS;i++)
  67              		.loc 1 11 0
  68 0006 FB1D     		add	r3, r7, #7
  69 0008 0022     		mov	r2, #0
  70 000a 1A70     		strb	r2, [r3]
  71 000c 0AE0     		b	.L2
  72              	.L3:
  12:../Sources/system/ARM_SysTick.c **** 		Ticker[i] = 0;
  73              		.loc 1 12 0
  74 000e FB1D     		add	r3, r7, #7
  75 0010 1A78     		ldrb	r2, [r3]
  76 0012 0B4B     		ldr	r3, .L4
  77 0014 9200     		lsl	r2, r2, #2
  78 0016 0021     		mov	r1, #0
  79 0018 D150     		str	r1, [r2, r3]
  11:../Sources/system/ARM_SysTick.c **** 	for(i=0;i<NUM_TICKERS;i++)
  80              		.loc 1 11 0
  81 001a FB1D     		add	r3, r7, #7
  82 001c FA1D     		add	r2, r7, #7
  83 001e 1278     		ldrb	r2, [r2]
  84 0020 0132     		add	r2, r2, #1
  85 0022 1A70     		strb	r2, [r3]
  86              	.L2:
  11:../Sources/system/ARM_SysTick.c **** 	for(i=0;i<NUM_TICKERS;i++)
  87              		.loc 1 11 0 is_stmt 0
  88 0024 FB1D     		add	r3, r7, #7
  89 0026 1B78     		ldrb	r3, [r3]
  90 0028 032B     		cmp	r3, #3
  91 002a F0D9     		bls	.L3
  13:../Sources/system/ARM_SysTick.c **** 	
  14:../Sources/system/ARM_SysTick.c **** 	SYST_RVR = CORE_CLOCK/SYSTICK_FREQUENCY;
  92              		.loc 1 14 0 is_stmt 1
  93 002c 054B     		ldr	r3, .L4+4
  94 002e 064A     		ldr	r2, .L4+8
  95 0030 5A60     		str	r2, [r3, #4]
  15:../Sources/system/ARM_SysTick.c **** 	SYST_CSR = SysTick_CSR_ENABLE_MASK | SysTick_CSR_TICKINT_MASK | SysTick_CSR_CLKSOURCE_MASK;
  96              		.loc 1 15 0
  97 0032 044B     		ldr	r3, .L4+4
  98 0034 0722     		mov	r2, #7
  99 0036 1A60     		str	r2, [r3]
  16:../Sources/system/ARM_SysTick.c **** }
 100              		.loc 1 16 0
 101 0038 BD46     		mov	sp, r7
 102 003a 02B0     		add	sp, sp, #8
 103              		@ sp needed for prologue
 104 003c 80BD     		pop	{r7, pc}
 105              	.L5:
 106 003e C046     		.align	2
 107              	.L4:
 108 0040 00000000 		.word	Ticker
 109 0044 10E000E0 		.word	-536813552
 110 0048 80BB0000 		.word	48000
 111              		.cfi_endproc
 112              	.LFE0:
 114              		.section	.text.SysTick_Handler,"ax",%progbits
 115              		.align	2
 116              		.global	SysTick_Handler
 117              		.code	16
 118              		.thumb_func
 120              	SysTick_Handler:
 121              	.LFB1:
  17:../Sources/system/ARM_SysTick.c **** 
  18:../Sources/system/ARM_SysTick.c **** void SysTick_Handler()
  19:../Sources/system/ARM_SysTick.c **** {
 122              		.loc 1 19 0
 123              		.cfi_startproc
 124 0000 80B5     		push	{r7, lr}
 125              	.LCFI3:
 126              		.cfi_def_cfa_offset 8
 127              		.cfi_offset 7, -8
 128              		.cfi_offset 14, -4
 129 0002 82B0     		sub	sp, sp, #8
 130              	.LCFI4:
 131              		.cfi_def_cfa_offset 16
 132 0004 00AF     		add	r7, sp, #0
 133              	.LCFI5:
 134              		.cfi_def_cfa_register 7
  20:../Sources/system/ARM_SysTick.c **** 	uint8_t i;
  21:../Sources/system/ARM_SysTick.c **** 
  22:../Sources/system/ARM_SysTick.c **** 	if(DelayTimerTick<0xFFFFFFFF)
 135              		.loc 1 22 0
 136 0006 144B     		ldr	r3, .L11
 137 0008 1B68     		ldr	r3, [r3]
 138 000a 0133     		add	r3, r3, #1
 139 000c 04D0     		beq	.L7
  23:../Sources/system/ARM_SysTick.c **** 		DelayTimerTick++;
 140              		.loc 1 23 0
 141 000e 124B     		ldr	r3, .L11
 142 0010 1B68     		ldr	r3, [r3]
 143 0012 5A1C     		add	r2, r3, #1
 144 0014 104B     		ldr	r3, .L11
 145 0016 1A60     		str	r2, [r3]
 146              	.L7:
  24:../Sources/system/ARM_SysTick.c **** 	
  25:../Sources/system/ARM_SysTick.c **** 	for(i=0;i<NUM_TICKERS;i++)
 147              		.loc 1 25 0
 148 0018 FB1D     		add	r3, r7, #7
 149 001a 0022     		mov	r2, #0
 150 001c 1A70     		strb	r2, [r3]
 151 001e 14E0     		b	.L8
 152              	.L10:
  26:../Sources/system/ARM_SysTick.c **** 		if(Ticker[i]<0xFFFFFFFF)
 153              		.loc 1 26 0
 154 0020 FB1D     		add	r3, r7, #7
 155 0022 1A78     		ldrb	r2, [r3]
 156 0024 0D4B     		ldr	r3, .L11+4
 157 0026 9200     		lsl	r2, r2, #2
 158 0028 D358     		ldr	r3, [r2, r3]
 159 002a 0133     		add	r3, r3, #1
 160 002c 08D0     		beq	.L9
  27:../Sources/system/ARM_SysTick.c **** 			Ticker[i]++;
 161              		.loc 1 27 0
 162 002e FB1D     		add	r3, r7, #7
 163 0030 1B78     		ldrb	r3, [r3]
 164 0032 0A4A     		ldr	r2, .L11+4
 165 0034 9900     		lsl	r1, r3, #2
 166 0036 8A58     		ldr	r2, [r1, r2]
 167 0038 511C     		add	r1, r2, #1
 168 003a 084A     		ldr	r2, .L11+4
 169 003c 9B00     		lsl	r3, r3, #2
 170 003e 9950     		str	r1, [r3, r2]
 171              	.L9:
  25:../Sources/system/ARM_SysTick.c **** 	for(i=0;i<NUM_TICKERS;i++)
 172              		.loc 1 25 0
 173 0040 FB1D     		add	r3, r7, #7
 174 0042 FA1D     		add	r2, r7, #7
 175 0044 1278     		ldrb	r2, [r2]
 176 0046 0132     		add	r2, r2, #1
 177 0048 1A70     		strb	r2, [r3]
 178              	.L8:
  25:../Sources/system/ARM_SysTick.c **** 	for(i=0;i<NUM_TICKERS;i++)
 179              		.loc 1 25 0 is_stmt 0
 180 004a FB1D     		add	r3, r7, #7
 181 004c 1B78     		ldrb	r3, [r3]
 182 004e 032B     		cmp	r3, #3
 183 0050 E6D9     		bls	.L10
  28:../Sources/system/ARM_SysTick.c **** }
 184              		.loc 1 28 0 is_stmt 1
 185 0052 BD46     		mov	sp, r7
 186 0054 02B0     		add	sp, sp, #8
 187              		@ sp needed for prologue
 188 0056 80BD     		pop	{r7, pc}
 189              	.L12:
 190              		.align	2
 191              	.L11:
 192 0058 00000000 		.word	DelayTimerTick
 193 005c 00000000 		.word	Ticker
 194              		.cfi_endproc
 195              	.LFE1:
 197              		.section	.text.Delay_mS,"ax",%progbits
 198              		.align	2
 199              		.global	Delay_mS
 200              		.code	16
 201              		.thumb_func
 203              	Delay_mS:
 204              	.LFB2:
  29:../Sources/system/ARM_SysTick.c **** 
  30:../Sources/system/ARM_SysTick.c **** void Delay_mS(unsigned int TicksIn_mS)
  31:../Sources/system/ARM_SysTick.c **** {
 205              		.loc 1 31 0
 206              		.cfi_startproc
 207 0000 80B5     		push	{r7, lr}
 208              	.LCFI6:
 209              		.cfi_def_cfa_offset 8
 210              		.cfi_offset 7, -8
 211              		.cfi_offset 14, -4
 212 0002 82B0     		sub	sp, sp, #8
 213              	.LCFI7:
 214              		.cfi_def_cfa_offset 16
 215 0004 00AF     		add	r7, sp, #0
 216              	.LCFI8:
 217              		.cfi_def_cfa_register 7
 218 0006 7860     		str	r0, [r7, #4]
  32:../Sources/system/ARM_SysTick.c **** 	DelayTimerTick = 0;
 219              		.loc 1 32 0
 220 0008 054B     		ldr	r3, .L15
 221 000a 0022     		mov	r2, #0
 222 000c 1A60     		str	r2, [r3]
  33:../Sources/system/ARM_SysTick.c **** 
  34:../Sources/system/ARM_SysTick.c **** 	while(DelayTimerTick<TicksIn_mS)
 223              		.loc 1 34 0
 224 000e C046     		mov	r8, r8
 225              	.L14:
 226              		.loc 1 34 0 is_stmt 0
 227 0010 034B     		ldr	r3, .L15
 228 0012 1A68     		ldr	r2, [r3]
 229 0014 7B68     		ldr	r3, [r7, #4]
 230 0016 9A42     		cmp	r2, r3
 231 0018 FAD3     		bcc	.L14
  35:../Sources/system/ARM_SysTick.c **** 	{
  36:../Sources/system/ARM_SysTick.c **** 	}
  37:../Sources/system/ARM_SysTick.c **** }
 232              		.loc 1 37 0 is_stmt 1
 233 001a BD46     		mov	sp, r7
 234 001c 02B0     		add	sp, sp, #8
 235              		@ sp needed for prologue
 236 001e 80BD     		pop	{r7, pc}
 237              	.L16:
 238              		.align	2
 239              	.L15:
 240 0020 00000000 		.word	DelayTimerTick
 241              		.cfi_endproc
 242              	.LFE2:
 244              		.text
 245              	.Letext0:
 246              		.file 2 "C:/Freescale/CW MCU v10.5/MCU/ARM_GCC_Support/ewl/EWL_C/include/cstdint"
 247              		.file 3 "C:/Users/Brent Dimmig/workspace/Freesnail/Project_Headers/MKL25Z4.h"
 248              		.file 4 "C:/Users/Brent Dimmig/workspace/Freesnail/Project_Headers/Control.h"
 249              		.file 5 "C:/Users/Brent Dimmig/workspace/Freesnail/Project_Headers/LineScanCamera.h"
 250              		.file 6 "C:/Users/Brent Dimmig/workspace/Freesnail/Project_Headers/PID.h"
 251              		.file 7 "C:/Users/Brent Dimmig/workspace/Freesnail/Project_Headers/Accel.h"
DEFINED SYMBOLS
                            *ABS*:00000000 ARM_SysTick.c
                            *COM*:00000004 straight_speed
                            *COM*:00000004 medium_speed
                            *COM*:00000004 turn_speed
                            *COM*:00000004 brake_speed
                            *COM*:00000004 speedC
                            *COM*:000000c8 LineScanData
                            *COM*:00001000 histogram
                            *COM*:00000008 kp
                            *COM*:00000008 ki
                            *COM*:00000008 kd
                            *COM*:00000008 lastError
                            *COM*:00000008 llastError
                            *COM*:00000004 lastOutput
                            *COM*:00000006 AccData
                            *COM*:00000002 Xout
                            *COM*:00000002 Yout
                            *COM*:00000002 Zout
                            *COM*:00000001 Xoffset
                            *COM*:00000001 Yoffset
                            *COM*:00000001 Zoffset
                            *COM*:00000004 ramp
C:\Users\BRENTD~1\AppData\Local\Temp\cc3bFXTM.s:39     .bss.DelayTimerTick:00000000 $d
C:\Users\BRENTD~1\AppData\Local\Temp\cc3bFXTM.s:42     .bss.DelayTimerTick:00000000 DelayTimerTick
                            *COM*:00000010 Ticker
C:\Users\BRENTD~1\AppData\Local\Temp\cc3bFXTM.s:46     .text.InitSysTick:00000000 $t
C:\Users\BRENTD~1\AppData\Local\Temp\cc3bFXTM.s:51     .text.InitSysTick:00000000 InitSysTick
C:\Users\BRENTD~1\AppData\Local\Temp\cc3bFXTM.s:108    .text.InitSysTick:00000040 $d
C:\Users\BRENTD~1\AppData\Local\Temp\cc3bFXTM.s:115    .text.SysTick_Handler:00000000 $t
C:\Users\BRENTD~1\AppData\Local\Temp\cc3bFXTM.s:120    .text.SysTick_Handler:00000000 SysTick_Handler
C:\Users\BRENTD~1\AppData\Local\Temp\cc3bFXTM.s:192    .text.SysTick_Handler:00000058 $d
C:\Users\BRENTD~1\AppData\Local\Temp\cc3bFXTM.s:198    .text.Delay_mS:00000000 $t
C:\Users\BRENTD~1\AppData\Local\Temp\cc3bFXTM.s:203    .text.Delay_mS:00000000 Delay_mS
C:\Users\BRENTD~1\AppData\Local\Temp\cc3bFXTM.s:240    .text.Delay_mS:00000020 $d
                     .debug_frame:00000010 $d

NO UNDEFINED SYMBOLS
